2024-10-08 18:53:47 Loading main app package /tmp/.mount_ObsidiFUy43z/resources/obsidian.asar
2024-10-08 18:53:47 Checking for update using Github
2024-10-08 18:53:47 Success.
2024-10-08 18:53:47 Latest version is 1.6.7
2024-10-08 18:53:47 App is up to date.
2024-10-08 18:55:58 Loading main app package /tmp/.mount_ObsidiEFT4YK/resources/obsidian.asar
2024-10-08 18:55:58 Checking for update using Github
2024-10-08 18:55:58 Success.
2024-10-08 18:55:58 Latest version is 1.6.7
2024-10-08 18:55:58 App is up to date.
2024-10-08 18:56:36 Loading main app package /tmp/.mount_Obsidiy8YZPB/resources/obsidian.asar
2024-10-08 18:56:37 Checking for update using Github
2024-10-08 18:56:37 Success.
2024-10-08 18:56:37 Latest version is 1.6.7
2024-10-08 18:56:37 App is up to date.
2024-10-08 18:58:25 Loading main app package /tmp/.mount_ObsidiGbpcxD/resources/obsidian.asar
2024-10-08 18:58:25 Checking for update using Github
2024-10-08 18:58:26 Success.
2024-10-08 18:58:26 Latest version is 1.6.7
2024-10-08 18:58:26 App is up to date.
2024-10-08 19:01:04 Loading main app package /tmp/.mount_ObsidiJsU6Wu/resources/obsidian.asar
2024-10-08 19:01:04 Checking for update using Github
2024-10-08 19:01:05 Success.
2024-10-08 19:01:05 Latest version is 1.6.7
2024-10-08 19:01:05 App is up to date.
2024-10-08 19:12:02 Loading main app package /tmp/.mount_ObsidirMsMxq/resources/obsidian.asar
2024-10-08 19:12:03 Checking for update using Github
2024-10-08 19:12:03 Success.
2024-10-08 19:12:03 Latest version is 1.6.7
2024-10-08 19:12:03 App is up to date.
2024-10-08 20:05:57 Loading main app package /tmp/.mount_ObsidiC8RJti/resources/obsidian.asar
2024-10-08 20:05:57 Checking for update using Github
2024-10-08 20:05:57 Success.
2024-10-08 20:05:57 Latest version is 1.6.7
2024-10-08 20:05:57 App is up to date.
2024-10-08 20:09:27 Loading main app package /tmp/.mount_ObsidikanxMi/resources/obsidian.asar
2024-10-08 20:09:31 Checking for update using Github
2024-10-08 20:09:31 Success.
2024-10-08 20:09:31 Latest version is 1.6.7
2024-10-08 20:09:31 App is up to date.
2024-10-08 20:10:13 Loading main app package /tmp/.mount_ObsidiXjtz9X/resources/obsidian.asar
2024-10-08 20:10:14 Checking for update using Github
2024-10-08 20:10:14 Success.
2024-10-08 20:10:14 Latest version is 1.6.7
2024-10-08 20:10:14 App is up to date.
2024-10-09 17:06:20 Loading main app package /tmp/.mount_ObsidiINxdyw/resources/obsidian.asar
2024-10-09 17:06:20 Checking for update using Github
2024-10-09 17:06:20 Success.
2024-10-09 17:06:20 Latest version is 1.6.7
2024-10-09 17:06:20 App is up to date.
2024-10-09 17:06:32 Loading main app package /tmp/.mount_ObsidifwDH7c/resources/obsidian.asar
2024-10-09 17:06:32 Checking for update using Github
2024-10-09 17:06:32 Success.
2024-10-09 17:06:32 Latest version is 1.6.7
2024-10-09 17:06:32 App is up to date.
2024-10-09 18:06:32 Checking for update using Github
2024-10-09 18:06:32 Success.
2024-10-09 18:06:32 Latest version is 1.6.7
2024-10-09 18:06:32 App is up to date.
2025-08-18 21:45:58 Loading main app package /tmp/.mount_ObsidiVaJDjf/resources/obsidian.asar
2025-08-18 21:45:59 Checking for update using Github
2025-08-18 21:45:59 Success.
2025-08-18 21:45:59 Latest version is 1.9.10
2025-08-18 21:45:59 App is up to date.
2025-08-18 21:46:57 Loading main app package /tmp/.mount_Obsidi6iOkV1/resources/obsidian.asar
2025-08-18 21:46:58 Checking for update using Github
2025-08-18 21:46:58 Success.
2025-08-18 21:46:58 Latest version is 1.9.10
2025-08-18 21:46:58 App is up to date.
2025-08-18 22:30:17 Loading main app package /tmp/.mount_ObsidiWBbjrL/resources/obsidian.asar
2025-08-18 22:30:17 Checking for update using Github
2025-08-18 22:30:17 Success.
2025-08-18 22:30:17 Latest version is 1.9.10
2025-08-18 22:30:17 App is up to date.
2025-08-19 01:12:30 Loading main app package /tmp/.mount_ObsidiIEJ3CH/resources/obsidian.asar
2025-08-19 01:12:31 Checking for update using Github
2025-08-19 01:12:31 Success.
2025-08-19 01:12:31 Latest version is 1.9.10
2025-08-19 01:12:31 App is up to date.
